[35m[Appium][39m Welcome to Appium v1.15.0
[35m[Appium][39m Non-default server args:
[35m[Appium][39m   port: 58289
[35m[Appium][39m   loglevel: info
[35m[Appium][39m   chromeDriverPort: 58290
[35m[Appium][39m   tmpDir: C:\Users\gitam\AppData\Local\Temp\\Katalon\Appium\Temp1571721744010
[35m[Appium][39m Appium REST http interface listener started on 0.0.0.0:58289
[35m[HTTP][39m [37m-->[39m [37mGET[39m [37m/wd/hub/status[39m
[35m[HTTP][39m [90m{}[39m
[35m[HTTP][39m [37m<-- GET /wd/hub/status [39m[32m200[39m [90m5 ms - 68[39m
[35m[HTTP][39m [90m[39m
[35m[HTTP][39m [37m-->[39m [37mGET[39m [37m/wd/hub/status[39m
[35m[HTTP][39m [90m{}[39m
[35m[HTTP][39m [37m<-- GET /wd/hub/status [39m[32m200[39m [90m1 ms - 68[39m
[35m[HTTP][39m [90m[39m
[35m[HTTP][39m [37m-->[39m [37mPOST[39m [37m/wd/hub/session[39m
[35m[HTTP][39m [90m{"desiredCapabilities":{"app":"D:\\Downloads\\MaterialLoginExample.apk","noReset":true,"deviceName":" Samsung Galaxy S9 (Android 9)","fullReset":false,"platform":"ANDROID","newCommandTimeout":1800,"platformVersion":"9","automationName":"uiautomator2","autoGrantPermissions":true,"platformName":"Android","udid":"192.168.36.101:5555","systemPort":58296},"capabilities":{"firstMatch":[{"appium:app":"D:\\Downloads\\MaterialLoginExample.apk","appium:autoGrantPermissions":true,"appium:automationName":"uiautomator2","appium:deviceName":" Samsung Galaxy S9 (Android 9)","appium:fullReset":false,"appium:newCommandTimeout":1800,"appium:noReset":true,"platform":"ANDROID","platformName":"android","appium:platformVersion":"9","appium:systemPort":58296,"appium:udid":"192.168.36.101:5555"}]}}[39m
[35m[BaseDriver][39m The capabilities ["platform"] are not standard capabilities and should have an extension prefix
[35m[Appium][39m Appium v1.15.0 creating new AndroidUiautomator2Driver (v1.37.1) session
[35m[BaseDriver][39m The following capabilities were provided, but are not recognized by Appium:
[35m[BaseDriver][39m   platform
[35m[BaseDriver][39m Session created with session id: 9397d57e-082f-416d-a134-b49ed9edead5
[35m[BaseDriver][39m Using local app 'D:\Downloads\MaterialLoginExample.apk'
[35m[ADB][39m Found 1 'build-tools' folders under 'C:\Users\gitam\.katalon\tools\android_sdk' (newest first):
[35m[ADB][39m     C:/Users/gitam/.katalon/tools/android_sdk/build-tools/29.0.2
[35m[ADB][39m Using 'adb.exe' from 'C:\Users\gitam\.katalon\tools\android_sdk\platform-tools\adb.exe'
[35m[AndroidDriver][39m Retrieving device list
[35m[AndroidDriver][39m Using device: 192.168.36.101:5555
[35m[ADB][39m Using 'adb.exe' from 'C:\Users\gitam\.katalon\tools\android_sdk\platform-tools\adb.exe'
[35m[UiAutomator2][39m Relaxing hidden api policy
[35m[ADB][39m Using the alternative activity name detection method because of: Could not find 'apkanalyzer.bat' in ["C:\\Users\\gitam\\.katalon\\tools\\android_sdk\\platform-tools\\apkanalyzer.bat","C:\\Users\\gitam\\.katalon\\tools\\android_sdk\\emulator\\apkanalyzer.bat","C:\\Users\\gitam\\.katalon\\tools\\android_sdk\\tools\\apkanalyzer.bat","C:\\Users\\gitam\\.katalon\\tools\\android_sdk\\tools\\bin\\apkanalyzer.bat","C:\\Users\\gitam\\.katalon\\tools\\android_sdk\\build-tools\\29.0.2\\apkanalyzer.bat"]. Do you have Android Build Tools installed at 'C:\Users\gitam\.katalon\tools\android_sdk'?
[35m[ADB][39m Using 'aapt.exe' from 'C:\Users\gitam\.katalon\tools\android_sdk\build-tools\29.0.2\aapt.exe'
[35m[ADB][39m Extracting package and launch activity from manifest
[35m[ADB][39m Package name: 'com.sourcey.materialloginexample'
[35m[ADB][39m Main activity name: 'com.sourcey.materiallogindemo.LoginActivity'
[35m[ADB][39m Cannot extract apk info using apkanalyzer. Falling back to aapt. Original error: Could not find 'apkanalyzer.bat' in ["C:\\Users\\gitam\\.katalon\\tools\\android_sdk\\platform-tools\\apkanalyzer.bat","C:\\Users\\gitam\\.katalon\\tools\\android_sdk\\emulator\\apkanalyzer.bat","C:\\Users\\gitam\\.katalon\\tools\\android_sdk\\tools\\apkanalyzer.bat","C:\\Users\\gitam\\.katalon\\tools\\android_sdk\\tools\\bin\\apkanalyzer.bat","C:\\Users\\gitam\\.katalon\\tools\\android_sdk\\build-tools\\29.0.2\\apkanalyzer.bat"]. Do you have Android Build Tools installed at 'C:\Users\gitam\.katalon\tools\android_sdk'?
[35m[ADB][39m Cannot extract apk info using apkanalyzer. Falling back to aapt. Original error: Could not find 'apkanalyzer.bat' in ["C:\\Users\\gitam\\.katalon\\tools\\android_sdk\\platform-tools\\apkanalyzer.bat","C:\\Users\\gitam\\.katalon\\tools\\android_sdk\\emulator\\apkanalyzer.bat","C:\\Users\\gitam\\.katalon\\tools\\android_sdk\\tools\\apkanalyzer.bat","C:\\Users\\gitam\\.katalon\\tools\\android_sdk\\tools\\bin\\apkanalyzer.bat","C:\\Users\\gitam\\.katalon\\tools\\android_sdk\\build-tools\\29.0.2\\apkanalyzer.bat"]. Do you have Android Build Tools installed at 'C:\Users\gitam\.katalon\tools\android_sdk'?
[35m[ADB][39m Using 'apksigner.bat' from 'C:\Users\gitam\.katalon\tools\android_sdk\build-tools\29.0.2\apksigner.bat'
[35m[UiAutomator2][39m Server packages are not going to be (re)installed
[35m[ADB][39m The application at 'D:\Downloads\MaterialLoginExample.apk' is already cached to '/data/local/tmp/appium_cache/61c0965b8ab974424e04c6de162a88bcb53348bd.apk'
[35m[ADB][39m The installation of 'MaterialLoginExample.apk' took 0.202s
[35m[UiAutomator2][39m Starting UIAutomator2 server 4.3.0
[35m[UiAutomator2][39m Using UIAutomator2 server from 'C:\Users\gitam\AppData\Roaming\npm\node_modules\appium\node_modules\appium-uiautomator2-server\apks\appium-uiautomator2-server-v4.3.0.apk' and test from 'C:\Users\gitam\AppData\Roaming\npm\node_modules\appium\node_modules\appium-uiautomator2-server\apks\appium-uiautomator2-server-debug-androidTest.apk'
[35m[UiAutomator2][39m Waiting up to 30000ms for UiAutomator2 to be online...
[35m[WD Proxy][39m Got an unexpected response with status undefined: {"code":"ECONNRESET"}
[35m[WD Proxy][39m Got an unexpected response with status undefined: {"code":"ECONNRESET"}
[35m[WD Proxy][39m Got an unexpected response with status undefined: {"code":"ECONNRESET"}
[35m[WD Proxy][39m Determined the downstream protocol as 'W3C'
[35m[AndroidDriver][39m Screen already unlocked, doing nothing
[35m[UiAutomator2][39m Starting 'com.sourcey.materialloginexample/com.sourcey.materiallogindemo.LoginActivity and waiting for 'com.sourcey.materialloginexample/com.sourcey.materiallogindemo.LoginActivity'
[35m[Appium][39m New AndroidUiautomator2Driver session created successfully, session 9397d57e-082f-416d-a134-b49ed9edead5 added to master session list
[35m[HTTP][39m [37m<-- POST /wd/hub/session [39m[32m200[39m [90m15122 ms - 1234[39m
[35m[HTTP][39m [90m[39m
[35m[HTTP][39m [37m-->[39m [37mGET[39m [37m/wd/hub/session/9397d57e-082f-416d-a134-b49ed9edead5[39m
[35m[HTTP][39m [90m{}[39m
[35m[HTTP][39m [37m<-- GET /wd/hub/session/9397d57e-082f-416d-a134-b49ed9edead5 [39m[32m200[39m [90m106 ms - 1166[39m
[35m[HTTP][39m [90m[39m
[35m[HTTP][39m [37m-->[39m [37mGET[39m [37m/wd/hub/session/9397d57e-082f-416d-a134-b49ed9edead5[39m
[35m[HTTP][39m [90m{}[39m
[35m[HTTP][39m [37m<-- GET /wd/hub/session/9397d57e-082f-416d-a134-b49ed9edead5 [39m[32m200[39m [90m27 ms - 1166[39m
[35m[HTTP][39m [90m[39m
[35m[HTTP][39m [37m-->[39m [37mGET[39m [37m/wd/hub/status[39m
[35m[HTTP][39m [90m{}[39m
[35m[HTTP][39m [37m<-- GET /wd/hub/status [39m[32m200[39m [90m1 ms - 68[39m
[35m[HTTP][39m [90m[39m
[35m[HTTP][39m [37m-->[39m [37mPOST[39m [37m/wd/hub/session/9397d57e-082f-416d-a134-b49ed9edead5/timeouts[39m
[35m[HTTP][39m [90m{"implicit":60000}[39m
[35m[HTTP][39m [37m<-- POST /wd/hub/session/9397d57e-082f-416d-a134-b49ed9edead5/timeouts [39m[32m200[39m [90m7 ms - 14[39m
[35m[HTTP][39m [90m[39m
[35m[HTTP][39m [37m-->[39m [37mGET[39m [37m/wd/hub/session/9397d57e-082f-416d-a134-b49ed9edead5/source[39m
[35m[HTTP][39m [90m{}[39m
[35m[W3C (9397d57e)][39m Driver proxy active, passing request on via HTTP proxy
[35m[WD Proxy][39m Replacing sessionId f099725c-20d1-4407-995a-ef167cf46422 with 9397d57e-082f-416d-a134-b49ed9edead5
[35m[HTTP][39m [37m<-- GET /wd/hub/session/9397d57e-082f-416d-a134-b49ed9edead5/source [39m[32m200[39m [90m332 ms - 7347[39m
[35m[HTTP][39m [90m[39m
[35m[HTTP][39m [37m-->[39m [37mGET[39m [37m/wd/hub/session/9397d57e-082f-416d-a134-b49ed9edead5/screenshot[39m
[35m[HTTP][39m [90m{}[39m
[35m[HTTP][39m [37m<-- GET /wd/hub/session/9397d57e-082f-416d-a134-b49ed9edead5/screenshot [39m[32m200[39m [90m1316 ms - 140256[39m
[35m[HTTP][39m [90m[39m
[35m[HTTP][39m [37m-->[39m [37mGET[39m [37m/wd/hub/session/9397d57e-082f-416d-a134-b49ed9edead5/window/rect[39m
[35m[HTTP][39m [90m{}[39m
[35m[HTTP][39m [37m<-- GET /wd/hub/session/9397d57e-082f-416d-a134-b49ed9edead5/window/rect [39m[32m200[39m [90m33 ms - 50[39m
[35m[HTTP][39m [90m[39m
[35m[HTTP][39m [37m-->[39m [37mPOST[39m [37m/wd/hub/session/9397d57e-082f-416d-a134-b49ed9edead5/elements[39m
[35m[HTTP][39m [90m{"using":"xpath","value":"//hierarchy/android.widget.FrameLayout[1]/android.widget.LinearLayout[1]/android.widget.FrameLayout[1]/android.widget.LinearLayout[1]/android.widget.FrameLayout[1]/android.widget.ScrollView[1]/android.widget.LinearLayout[1]/android.widget.TextView[1]"}[39m
[35m[HTTP][39m [37m<-- POST /wd/hub/session/9397d57e-082f-416d-a134-b49ed9edead5/elements [39m[32m200[39m [90m353 ms - 139[39m
[35m[HTTP][39m [90m[39m
[35m[HTTP][39m [37m-->[39m [37mGET[39m [37m/wd/hub/session/9397d57e-082f-416d-a134-b49ed9edead5/element/db559f46-5899-4ced-a76c-b31e2f755846/location[39m
[35m[HTTP][39m [90m{}[39m
[35m[W3C (9397d57e)][39m Driver proxy active, passing request on via HTTP proxy
[35m[WD Proxy][39m Replacing sessionId f099725c-20d1-4407-995a-ef167cf46422 with 9397d57e-082f-416d-a134-b49ed9edead5
[35m[HTTP][39m [37m<-- GET /wd/hub/session/9397d57e-082f-416d-a134-b49ed9edead5/element/db559f46-5899-4ced-a76c-b31e2f755846/location [39m[32m200[39m [90m35 ms - 78[39m
[35m[HTTP][39m [90m[39m
[35m[HTTP][39m [37m-->[39m [37mPOST[39m [37m/wd/hub/session/9397d57e-082f-416d-a134-b49ed9edead5/touch/perform[39m
[35m[HTTP][39m [90m{"actions":[{"action":"tap","options":{"x":1,"y":1,"element":"db559f46-5899-4ced-a76c-b31e2f755846"}}]}[39m
[35m[UiAutomator2][39m calling get location: db559f46-5899-4ced-a76c-b31e2f755846
[35m[HTTP][39m [37m<-- POST /wd/hub/session/9397d57e-082f-416d-a134-b49ed9edead5/touch/perform [39m[32m200[39m [90m86 ms - 14[39m
[35m[HTTP][39m [90m[39m
[35m[HTTP][39m [37m-->[39m [37mGET[39m [37m/wd/hub/session/9397d57e-082f-416d-a134-b49ed9edead5/source[39m
[35m[HTTP][39m [90m{}[39m
[35m[W3C (9397d57e)][39m Driver proxy active, passing request on via HTTP proxy
[35m[WD Proxy][39m Replacing sessionId f099725c-20d1-4407-995a-ef167cf46422 with 9397d57e-082f-416d-a134-b49ed9edead5
[35m[HTTP][39m [37m<-- GET /wd/hub/session/9397d57e-082f-416d-a134-b49ed9edead5/source [39m[32m200[39m [90m1982 ms - 12725[39m
[35m[HTTP][39m [90m[39m
[35m[HTTP][39m [37m-->[39m [37mGET[39m [37m/wd/hub/session/9397d57e-082f-416d-a134-b49ed9edead5/screenshot[39m
[35m[HTTP][39m [90m{}[39m
[35m[HTTP][39m [37m<-- GET /wd/hub/session/9397d57e-082f-416d-a134-b49ed9edead5/screenshot [39m[32m200[39m [90m1345 ms - 180886[39m
[35m[HTTP][39m [90m[39m
[35m[HTTP][39m [37m-->[39m [37mGET[39m [37m/wd/hub/session/9397d57e-082f-416d-a134-b49ed9edead5/window/rect[39m
[35m[HTTP][39m [90m{}[39m
[35m[HTTP][39m [37m<-- GET /wd/hub/session/9397d57e-082f-416d-a134-b49ed9edead5/window/rect [39m[32m200[39m [90m21 ms - 50[39m
[35m[HTTP][39m [90m[39m
[35m[HTTP][39m [37m-->[39m [37mPOST[39m [37m/wd/hub/session/9397d57e-082f-416d-a134-b49ed9edead5/elements[39m
[35m[HTTP][39m [90m{"using":"xpath","value":"//hierarchy/android.widget.FrameLayout[1]/android.widget.LinearLayout[1]/android.widget.FrameLayout[1]/android.widget.LinearLayout[1]/android.widget.FrameLayout[1]/android.widget.ScrollView[1]/android.widget.LinearLayout[1]/TextInputLayout[5]/android.widget.FrameLayout[1]/android.widget.EditText[1]"}[39m
[35m[HTTP][39m [37m<-- POST /wd/hub/session/9397d57e-082f-416d-a134-b49ed9edead5/elements [39m[32m200[39m [90m305 ms - 139[39m
[35m[HTTP][39m [90m[39m
[35m[HTTP][39m [37m-->[39m [37mGET[39m [37m/wd/hub/session/9397d57e-082f-416d-a134-b49ed9edead5/element/a5215965-657d-46ee-b4dc-9f6fe0a0b329/location[39m
[35m[HTTP][39m [90m{}[39m
[35m[W3C (9397d57e)][39m Driver proxy active, passing request on via HTTP proxy
[35m[WD Proxy][39m Replacing sessionId f099725c-20d1-4407-995a-ef167cf46422 with 9397d57e-082f-416d-a134-b49ed9edead5
[35m[HTTP][39m [37m<-- GET /wd/hub/session/9397d57e-082f-416d-a134-b49ed9edead5/element/a5215965-657d-46ee-b4dc-9f6fe0a0b329/location [39m[32m200[39m [90m33 ms - 78[39m
[35m[HTTP][39m [90m[39m
[35m[HTTP][39m [37m-->[39m [37mPOST[39m [37m/wd/hub/session/9397d57e-082f-416d-a134-b49ed9edead5/element/a5215965-657d-46ee-b4dc-9f6fe0a0b329/clear[39m
[35m[HTTP][39m [90m{"id":"a5215965-657d-46ee-b4dc-9f6fe0a0b329"}[39m
[35m[HTTP][39m [37m<-- POST /wd/hub/session/9397d57e-082f-416d-a134-b49ed9edead5/element/a5215965-657d-46ee-b4dc-9f6fe0a0b329/clear [39m[32m200[39m [90m33 ms - 14[39m
[35m[HTTP][39m [90m[39m
[35m[HTTP][39m [37m-->[39m [37mPOST[39m [37m/wd/hub/session/9397d57e-082f-416d-a134-b49ed9edead5/element/a5215965-657d-46ee-b4dc-9f6fe0a0b329/value[39m
[35m[HTTP][39m [90m{"id":"a5215965-657d-46ee-b4dc-9f6fe0a0b329","text":"123456","value":["1","2","3","4","5","6"]}[39m
[35m[HTTP][39m [37m<-- POST /wd/hub/session/9397d57e-082f-416d-a134-b49ed9edead5/element/a5215965-657d-46ee-b4dc-9f6fe0a0b329/value [39m[32m200[39m [90m556 ms - 14[39m
[35m[HTTP][39m [90m[39m
[35m[HTTP][39m [37m-->[39m [37mGET[39m [37m/wd/hub/session/9397d57e-082f-416d-a134-b49ed9edead5/source[39m
[35m[HTTP][39m [90m{}[39m
[35m[W3C (9397d57e)][39m Driver proxy active, passing request on via HTTP proxy
[35m[WD Proxy][39m Replacing sessionId f099725c-20d1-4407-995a-ef167cf46422 with 9397d57e-082f-416d-a134-b49ed9edead5
[35m[HTTP][39m [37m<-- GET /wd/hub/session/9397d57e-082f-416d-a134-b49ed9edead5/source [39m[32m200[39m [90m145 ms - 12743[39m
[35m[HTTP][39m [90m[39m
[35m[HTTP][39m [37m-->[39m [37mGET[39m [37m/wd/hub/session/9397d57e-082f-416d-a134-b49ed9edead5/screenshot[39m
[35m[HTTP][39m [90m{}[39m
[35m[HTTP][39m [37m<-- GET /wd/hub/session/9397d57e-082f-416d-a134-b49ed9edead5/screenshot [39m[32m200[39m [90m1414 ms - 180094[39m
[35m[HTTP][39m [90m[39m
[35m[HTTP][39m [37m-->[39m [37mGET[39m [37m/wd/hub/session/9397d57e-082f-416d-a134-b49ed9edead5/window/rect[39m
[35m[HTTP][39m [90m{}[39m
[35m[HTTP][39m [37m<-- GET /wd/hub/session/9397d57e-082f-416d-a134-b49ed9edead5/window/rect [39m[32m200[39m [90m25 ms - 50[39m
[35m[HTTP][39m [90m[39m
[35m[HTTP][39m [37m-->[39m [37mPOST[39m [37m/wd/hub/session/9397d57e-082f-416d-a134-b49ed9edead5/elements[39m
[35m[HTTP][39m [90m{"using":"xpath","value":"//hierarchy/android.widget.FrameLayout[1]/android.widget.LinearLayout[1]/android.widget.FrameLayout[1]/android.widget.LinearLayout[1]/android.widget.FrameLayout[1]/android.widget.ScrollView[1]/android.widget.LinearLayout[1]/TextInputLayout[6]/android.widget.FrameLayout[1]/android.widget.EditText[1]"}[39m
[35m[HTTP][39m [37m<-- POST /wd/hub/session/9397d57e-082f-416d-a134-b49ed9edead5/elements [39m[32m200[39m [90m276 ms - 139[39m
[35m[HTTP][39m [90m[39m
[35m[HTTP][39m [37m-->[39m [37mGET[39m [37m/wd/hub/session/9397d57e-082f-416d-a134-b49ed9edead5/element/4a474a84-3ed3-4a1e-a49c-7cb85e156bd5/location[39m
[35m[HTTP][39m [90m{}[39m
[35m[W3C (9397d57e)][39m Driver proxy active, passing request on via HTTP proxy
[35m[WD Proxy][39m Replacing sessionId f099725c-20d1-4407-995a-ef167cf46422 with 9397d57e-082f-416d-a134-b49ed9edead5
[35m[HTTP][39m [37m<-- GET /wd/hub/session/9397d57e-082f-416d-a134-b49ed9edead5/element/4a474a84-3ed3-4a1e-a49c-7cb85e156bd5/location [39m[32m200[39m [90m63 ms - 78[39m
[35m[HTTP][39m [90m[39m
[35m[HTTP][39m [37m-->[39m [37mPOST[39m [37m/wd/hub/session/9397d57e-082f-416d-a134-b49ed9edead5/element/4a474a84-3ed3-4a1e-a49c-7cb85e156bd5/clear[39m
[35m[HTTP][39m [90m{"id":"4a474a84-3ed3-4a1e-a49c-7cb85e156bd5"}[39m
[35m[HTTP][39m [37m<-- POST /wd/hub/session/9397d57e-082f-416d-a134-b49ed9edead5/element/4a474a84-3ed3-4a1e-a49c-7cb85e156bd5/clear [39m[32m200[39m [90m29 ms - 14[39m
[35m[HTTP][39m [90m[39m
[35m[HTTP][39m [37m-->[39m [37mPOST[39m [37m/wd/hub/session/9397d57e-082f-416d-a134-b49ed9edead5/element/4a474a84-3ed3-4a1e-a49c-7cb85e156bd5/value[39m
[35m[HTTP][39m [90m{"id":"4a474a84-3ed3-4a1e-a49c-7cb85e156bd5","text":"123456","value":["1","2","3","4","5","6"]}[39m
[35m[HTTP][39m [37m<-- POST /wd/hub/session/9397d57e-082f-416d-a134-b49ed9edead5/element/4a474a84-3ed3-4a1e-a49c-7cb85e156bd5/value [39m[32m200[39m [90m537 ms - 14[39m
[35m[HTTP][39m [90m[39m
[35m[HTTP][39m [37m-->[39m [37mGET[39m [37m/wd/hub/session/9397d57e-082f-416d-a134-b49ed9edead5/source[39m
[35m[HTTP][39m [90m{}[39m
[35m[W3C (9397d57e)][39m Driver proxy active, passing request on via HTTP proxy
[35m[WD Proxy][39m Replacing sessionId f099725c-20d1-4407-995a-ef167cf46422 with 9397d57e-082f-416d-a134-b49ed9edead5
[35m[HTTP][39m [37m<-- GET /wd/hub/session/9397d57e-082f-416d-a134-b49ed9edead5/source [39m[32m200[39m [90m132 ms - 12761[39m
[35m[HTTP][39m [90m[39m
[35m[HTTP][39m [37m-->[39m [37mGET[39m [37m/wd/hub/session/9397d57e-082f-416d-a134-b49ed9edead5/screenshot[39m
[35m[HTTP][39m [90m{}[39m
[35m[HTTP][39m [37m<-- GET /wd/hub/session/9397d57e-082f-416d-a134-b49ed9edead5/screenshot [39m[32m200[39m [90m1672 ms - 176584[39m
[35m[HTTP][39m [90m[39m
[35m[HTTP][39m [37m-->[39m [37mGET[39m [37m/wd/hub/session/9397d57e-082f-416d-a134-b49ed9edead5/window/rect[39m
[35m[HTTP][39m [90m{}[39m
[35m[HTTP][39m [37m<-- GET /wd/hub/session/9397d57e-082f-416d-a134-b49ed9edead5/window/rect [39m[32m200[39m [90m37 ms - 50[39m
[35m[HTTP][39m [90m[39m
[35m[HTTP][39m [37m-->[39m [37mPOST[39m [37m/wd/hub/session/9397d57e-082f-416d-a134-b49ed9edead5/elements[39m
[35m[HTTP][39m [90m{"using":"xpath","value":"//hierarchy/android.widget.FrameLayout[1]/android.widget.LinearLayout[1]/android.widget.FrameLayout[1]/android.widget.LinearLayout[1]/android.widget.FrameLayout[1]/android.widget.ScrollView[1]/android.widget.LinearLayout[1]/android.widget.Button[1]"}[39m
[35m[HTTP][39m [37m<-- POST /wd/hub/session/9397d57e-082f-416d-a134-b49ed9edead5/elements [39m[32m200[39m [90m233 ms - 139[39m
[35m[HTTP][39m [90m[39m
[35m[HTTP][39m [37m-->[39m [37mGET[39m [37m/wd/hub/session/9397d57e-082f-416d-a134-b49ed9edead5/element/e19bcef9-c104-413a-a50a-b4dd66d7c77f/location[39m
[35m[HTTP][39m [90m{}[39m
[35m[W3C (9397d57e)][39m Driver proxy active, passing request on via HTTP proxy
[35m[WD Proxy][39m Replacing sessionId f099725c-20d1-4407-995a-ef167cf46422 with 9397d57e-082f-416d-a134-b49ed9edead5
[35m[HTTP][39m [37m<-- GET /wd/hub/session/9397d57e-082f-416d-a134-b49ed9edead5/element/e19bcef9-c104-413a-a50a-b4dd66d7c77f/location [39m[32m200[39m [90m24 ms - 78[39m
[35m[HTTP][39m [90m[39m
[35m[HTTP][39m [37m-->[39m [37mPOST[39m [37m/wd/hub/session/9397d57e-082f-416d-a134-b49ed9edead5/touch/perform[39m
[35m[HTTP][39m [90m{"actions":[{"action":"tap","options":{"x":1,"y":1,"element":"e19bcef9-c104-413a-a50a-b4dd66d7c77f"}}]}[39m
[35m[UiAutomator2][39m calling get location: e19bcef9-c104-413a-a50a-b4dd66d7c77f
[35m[HTTP][39m [37m<-- POST /wd/hub/session/9397d57e-082f-416d-a134-b49ed9edead5/touch/perform [39m[32m200[39m [90m68 ms - 14[39m
[35m[HTTP][39m [90m[39m
[35m[HTTP][39m [37m-->[39m [37mGET[39m [37m/wd/hub/session/9397d57e-082f-416d-a134-b49ed9edead5/source[39m
[35m[HTTP][39m [90m{}[39m
[35m[W3C (9397d57e)][39m Driver proxy active, passing request on via HTTP proxy
[35m[WD Proxy][39m Replacing sessionId f099725c-20d1-4407-995a-ef167cf46422 with 9397d57e-082f-416d-a134-b49ed9edead5
[35m[HTTP][39m [37m<-- GET /wd/hub/session/9397d57e-082f-416d-a134-b49ed9edead5/source [39m[32m200[39m [90m610 ms - 13128[39m
[35m[HTTP][39m [90m[39m
[35m[HTTP][39m [37m-->[39m [37mGET[39m [37m/wd/hub/session/9397d57e-082f-416d-a134-b49ed9edead5/screenshot[39m
[35m[HTTP][39m [90m{}[39m
[35m[HTTP][39m [37m<-- GET /wd/hub/session/9397d57e-082f-416d-a134-b49ed9edead5/screenshot [39m[32m200[39m [90m1479 ms - 203318[39m
[35m[HTTP][39m [90m[39m
[35m[HTTP][39m [37m-->[39m [37mDELETE[39m [37m/wd/hub/session/9397d57e-082f-416d-a134-b49ed9edead5[39m
[35m[HTTP][39m [90m{}[39m
[35m[Appium][39m Removing session 9397d57e-082f-416d-a134-b49ed9edead5 from our master session list
[35m[UiAutomator2][39m Restoring hidden api policy to the device default configuration
[35m[HTTP][39m [37m<-- DELETE /wd/hub/session/9397d57e-082f-416d-a134-b49ed9edead5 [39m[32m200[39m [90m661 ms - 14[39m
[35m[HTTP][39m [90m[39m
